
ROM used: 153 (2%)
          153 (2%) including unused fragments

          0 Average locations per line
          8 Average locations per statement

RAM used: 11 (3%) at main() level
          12 (3%) worst case

Stack used: 1 worst case (out of 8 total available)

Lines Stmts  %   Files
----- ----- ---  -----
   40    20 100  week_12.c
  411     0   0  C:\Program Files (x86)\PICC\devices\16f887.h
----- -----
  451    20 Total

Page ROM  %  RAM   Vol Diff  Functions:
---- --- --- ---   --- ----  ----------
0     22  14   1             @delay_ms1
0     15  10   0             @const59
0    112  73   1   590  4.8  main

Program metrics:
    Functions               1
    Statements              20
    Comments                84
    Volume (V)              595
    Difficilty (D)          4.6
    Effort to implement (E) 2722
    Time to implement (T)   3 minutes
    Est Delivered Bugs (B)  0
    Cyclomatic Complexity   3
    Maintainability (MI)    138

 Segment     Used  Free
-----------  ----  ----
00000-00003     4  0  
00004-007FF   149  1895  
00800-00FFF     0  2048  
01000-017FF     0  2048  
01800-01FFF     0  2048  



